
> mindera-card-slider-challenge@0.1.0 start-api /home/harpal/Documents/card-slider-challenge
> json-server --port 3001 --watch --static none data/db.json


  \{^_^}/ hi!

  Loading data/db.json
  Done

  Resources
  http://localhost:3001/cards

  Home
  http://localhost:3001

  Type s + enter at any time to create a snapshot of the database
  Watching...

  Error, can't read from stdin
  Creating a snapshot from the CLI won't be possible
[0mGET /cards/?_start=0&_end=3 [32m200 [0m22.359 ms - -[0m
[0mGET /cards/?_start=3&_end=6 [32m200 [0m56.269 ms - 1023[0m
[0mGET /cards/?_start=3&_end=6 [36m304 [0m2.450 ms - -[0m
[0mGET /cards/?_start=6&_end=9 [32m200 [0m4.914 ms - -[0m
[0mGET /cards/?_start=6&_end=9 [36m304 [0m3.759 ms - -[0m
[0mGET /cards/?_start=9&_end=12 [32m200 [0m6.392 ms - 2[0m
[0mGET /cards/?_start=3&_end=6 [36m304 [0m3.578 ms - -[0m
[0mGET /cards/?_start=6&_end=9 [36m304 [0m3.951 ms - -[0m
[0mGET /cards/?_start=0&_end=3 [36m304 [0m2.720 ms - -[0m
[0mGET /cards/?_start=3&_end=6 [36m304 [0m4.462 ms - -[0m
[0mGET /cards/?_start=0&_end=3 [36m304 [0m4.133 ms - -[0m
[0mGET /cards/?_start=3&_end=6 [36m304 [0m7.450 ms - -[0m
[0mGET /cards/?_start=3&_end=6 [36m304 [0m4.215 ms - -[0m
[0mGET /cards/?_start=6&_end=9 [36m304 [0m6.426 ms - -[0m
[0mGET /cards/?_start=6&_end=9 [36m304 [0m4.339 ms - -[0m
[0mGET /cards/?_start=9&_end=12 [36m304 [0m6.224 ms - -[0m
[0mGET /cards/?_start=3&_end=6 [36m304 [0m2.304 ms - -[0m
[0mGET /cards/?_start=6&_end=9 [36m304 [0m4.022 ms - -[0m
[0mGET /cards/?_start=0&_end=3 [36m304 [0m3.573 ms - -[0m
[0mGET /cards/?_start=3&_end=6 [36m304 [0m4.116 ms - -[0m
[0mGET /cards/?_start=0&_end=3 [36m304 [0m2.988 ms - -[0m
[0mGET /cards/?_start=3&_end=6 [36m304 [0m4.100 ms - -[0m
[0mGET /cards/?_start=3&_end=6 [36m304 [0m2.101 ms - -[0m
[0mGET /cards/?_start=6&_end=9 [36m304 [0m3.150 ms - -[0m
[0mGET /cards/?_start=6&_end=9 [36m304 [0m2.779 ms - -[0m
[0mGET /cards/?_start=9&_end=12 [36m304 [0m5.684 ms - -[0m
[0mGET /cards/?_start=3&_end=6 [36m304 [0m2.632 ms - -[0m
[0mGET /cards/?_start=6&_end=9 [36m304 [0m3.909 ms - -[0m
[0mGET /cards/?_start=6&_end=9 [36m304 [0m3.458 ms - -[0m
[0mGET /cards/?_start=9&_end=12 [36m304 [0m3.863 ms - -[0m
[0mGET /cards/?_start=3&_end=6 [36m304 [0m1.619 ms - -[0m
[0mGET /cards/?_start=6&_end=9 [36m304 [0m3.559 ms - -[0m
[0mGET /cards/?_start=0&_end=3 [36m304 [0m3.134 ms - -[0m
[0mGET /cards/?_start=3&_end=6 [36m304 [0m4.787 ms - -[0m
[0mGET /cards/?_start=3&_end=6 [36m304 [0m2.396 ms - -[0m
[0mGET /cards/?_start=6&_end=9 [36m304 [0m3.939 ms - -[0m
[0mGET /cards/?_start=6&_end=9 [36m304 [0m4.371 ms - -[0m
[0mGET /cards/?_start=9&_end=12 [36m304 [0m6.087 ms - -[0m
[0mGET /cards/?_start=3&_end=6 [36m304 [0m2.679 ms - -[0m
[0mGET /cards/?_start=6&_end=9 [36m304 [0m3.932 ms - -[0m
[0mGET /cards/?_start=0&_end=3 [36m304 [0m2.502 ms - -[0m
[0mGET /cards/?_start=3&_end=6 [36m304 [0m3.809 ms - -[0m
[0mGET /cards/?_start=3&_end=6 [36m304 [0m2.637 ms - -[0m
[0mGET /cards/?_start=6&_end=9 [36m304 [0m4.024 ms - -[0m
[0mGET /cards/?_start=6&_end=9 [36m304 [0m3.222 ms - -[0m
[0mGET /cards/?_start=9&_end=12 [36m304 [0m3.969 ms - -[0m
[0mGET /cards/?_start=3&_end=6 [36m304 [0m3.590 ms - -[0m
[0mGET /cards/?_start=6&_end=9 [36m304 [0m3.974 ms - -[0m
[0mGET /cards/?_start=0&_end=3 [36m304 [0m2.728 ms - -[0m
[0mGET /cards/?_start=3&_end=6 [36m304 [0m2.759 ms - -[0m
[0mGET /cards/?_start=3&_end=6 [36m304 [0m3.033 ms - -[0m
[0mGET /cards/?_start=6&_end=9 [36m304 [0m4.129 ms - -[0m
[0mGET /cards/?_start=6&_end=9 [36m304 [0m2.562 ms - -[0m
[0mGET /cards/?_start=9&_end=12 [36m304 [0m4.361 ms - -[0m
[0mGET /cards/?_start=3&_end=6 [36m304 [0m2.312 ms - -[0m
[0mGET /cards/?_start=6&_end=9 [36m304 [0m4.114 ms - -[0m
[0mGET /cards/?_start=0&_end=3 [36m304 [0m3.055 ms - -[0m
[0mGET /cards/?_start=3&_end=6 [36m304 [0m5.415 ms - -[0m
[0mGET /cards/?_start=3&_end=6 [36m304 [0m4.138 ms - -[0m
[0mGET /cards/?_start=6&_end=9 [36m304 [0m4.880 ms - -[0m
[0mGET /cards/?_start=6&_end=9 [36m304 [0m3.397 ms - -[0m
[0mGET /cards/?_start=9&_end=12 [36m304 [0m3.958 ms - -[0m
[0mGET /cards/?_start=3&_end=6 [36m304 [0m2.627 ms - -[0m
[0mGET /cards/?_start=6&_end=9 [36m304 [0m3.825 ms - -[0m
[0mGET /cards/?_start=0&_end=3 [36m304 [0m2.215 ms - -[0m
[0mGET /cards/?_start=3&_end=6 [36m304 [0m4.692 ms - -[0m
[0mGET /cards/?_start=3&_end=6 [36m304 [0m4.032 ms - -[0m
[0mGET /cards/?_start=6&_end=9 [36m304 [0m5.214 ms - -[0m
[0mGET /cards/?_start=0&_end=3 [36m304 [0m2.686 ms - -[0m
[0mGET /cards/?_start=3&_end=6 [36m304 [0m3.840 ms - -[0m
[0mGET /cards/?_start=3&_end=6 [36m304 [0m2.089 ms - -[0m
[0mGET /cards/?_start=6&_end=9 [36m304 [0m4.115 ms - -[0m
[0mGET /cards/?_start=0&_end=3 [36m304 [0m2.614 ms - -[0m
[0mGET /cards/?_start=3&_end=6 [36m304 [0m3.976 ms - -[0m
[0mGET /cards/?_start=3&_end=6 [36m304 [0m2.435 ms - -[0m
[0mGET /cards/?_start=6&_end=9 [36m304 [0m3.716 ms - -[0m
[0mGET /cards/?_start=6&_end=9 [36m304 [0m3.124 ms - -[0m
[0mGET /cards/?_start=9&_end=12 [36m304 [0m4.102 ms - -[0m
[0mGET /cards/?_start=3&_end=6 [36m304 [0m2.679 ms - -[0m
[0mGET /cards/?_start=6&_end=9 [36m304 [0m3.999 ms - -[0m
[0mGET /cards/?_start=0&_end=3 [36m304 [0m2.275 ms - -[0m
[0mGET /cards/?_start=3&_end=6 [36m304 [0m11.726 ms - -[0m
[0mGET /cards/?_start=3&_end=6 [36m304 [0m3.704 ms - -[0m
[0mGET /cards/?_start=6&_end=9 [36m304 [0m3.894 ms - -[0m
[0mGET /cards/?_start=6&_end=9 [36m304 [0m2.673 ms - -[0m
[0mGET /cards/?_start=9&_end=12 [36m304 [0m3.962 ms - -[0m
[0mGET /cards/?_start=3&_end=6 [36m304 [0m3.333 ms - -[0m
[0mGET /cards/?_start=6&_end=9 [36m304 [0m3.804 ms - -[0m
[0mGET /cards/?_start=6&_end=9 [36m304 [0m2.317 ms - -[0m
[0mGET /cards/?_start=9&_end=12 [36m304 [0m4.123 ms - -[0m
[0mGET /cards/?_start=3&_end=6 [36m304 [0m2.220 ms - -[0m
[0mGET /cards/?_start=6&_end=9 [36m304 [0m3.712 ms - -[0m
[0mGET /cards/?_start=0&_end=3 [36m304 [0m3.767 ms - -[0m
[0mGET /cards/?_start=3&_end=6 [36m304 [0m4.737 ms - -[0m
[0mGET /cards/?_start=3&_end=6 [36m304 [0m2.249 ms - -[0m
[0mGET /cards/?_start=6&_end=9 [36m304 [0m3.982 ms - -[0m
[0mGET /cards/?_start=0&_end=3 [36m304 [0m2.567 ms - -[0m
[0mGET /cards/?_start=3&_end=6 [36m304 [0m4.885 ms - -[0m
[0mGET /cards/?_start=3&_end=6 [36m304 [0m3.588 ms - -[0m
[0mGET /cards/?_start=6&_end=9 [36m304 [0m3.878 ms - -[0m
[0mGET /cards/?_start=0&_end=3 [36m304 [0m2.795 ms - -[0m
[0mGET /cards/?_start=3&_end=6 [36m304 [0m4.211 ms - -[0m
[0mGET /cards/?_start=3&_end=6 [36m304 [0m5.022 ms - -[0m
[0mGET /cards/?_start=6&_end=9 [36m304 [0m6.239 ms - -[0m
[0mGET /cards/?_start=6&_end=9 [36m304 [0m2.471 ms - -[0m
[0mGET /cards/?_start=9&_end=12 [36m304 [0m3.451 ms - -[0m
[0mGET /cards/?_start=3&_end=6 [36m304 [0m4.062 ms - -[0m
[0mGET /cards/?_start=6&_end=9 [36m304 [0m4.347 ms - -[0m
[0mGET /cards/?_start=6&_end=9 [36m304 [0m2.186 ms - -[0m
[0mGET /cards/?_start=9&_end=12 [36m304 [0m3.722 ms - -[0m
[0mGET /cards/?_start=3&_end=6 [36m304 [0m2.872 ms - -[0m
[0mGET /cards/?_start=6&_end=9 [36m304 [0m3.272 ms - -[0m
[0mGET /cards/?_start=0&_end=3 [36m304 [0m3.127 ms - -[0m
[0mGET /cards/?_start=3&_end=6 [36m304 [0m4.090 ms - -[0m
[0mGET /cards/?_start=3&_end=6 [36m304 [0m2.935 ms - -[0m
[0mGET /cards/?_start=6&_end=9 [36m304 [0m4.049 ms - -[0m
[0mGET /cards/?_start=6&_end=9 [36m304 [0m3.656 ms - -[0m
[0mGET /cards/?_start=9&_end=12 [36m304 [0m4.379 ms - -[0m
[0mGET /cards/?_start=3&_end=6 [36m304 [0m2.085 ms - -[0m
[0mGET /cards/?_start=6&_end=9 [36m304 [0m3.964 ms - -[0m
[0mGET /cards/?_start=3&_end=6 [36m304 [0m3.405 ms - -[0m
[0mGET /cards/?_start=0&_end=3 [36m304 [0m5.303 ms - -[0m
[0mGET /cards/?_start=0&_end=3 [36m304 [0m2.390 ms - -[0m
[0mGET /cards/?_start=3&_end=6 [36m304 [0m3.623 ms - -[0m
[0mGET /cards/?_start=3&_end=6 [32m200 [0m3.505 ms - 1023[0m
[0mGET /cards/?_start=6&_end=9 [36m304 [0m4.761 ms - -[0m
[0mGET /cards/?_start=6&_end=9 [36m304 [0m2.523 ms - -[0m
[0mGET /cards/?_start=9&_end=12 [36m304 [0m4.909 ms - -[0m
[0mGET /cards/?_start=3&_end=6 [36m304 [0m2.269 ms - -[0m
[0mGET /cards/?_start=6&_end=9 [36m304 [0m3.870 ms - -[0m
[0mGET /cards/?_start=3&_end=6 [32m200 [0m56.031 ms - 1023[0m
[0mGET /cards/?_start=0&_end=3 [32m200 [0m48.166 ms - -[0m
[0mGET /cards/?_start=3&_end=6 [32m200 [0m14.338 ms - 1023[0m
[0mGET /cards/?_start=0&_end=3 [32m200 [0m4.311 ms - -[0m
[0mGET /cards/?_start=0&_end=3 [36m304 [0m2.259 ms - -[0m
[0mGET /cards/?_start=3&_end=6 [36m304 [0m29.879 ms - -[0m
[0mGET /cards/?_start=0&_end=3 [36m304 [0m2.416 ms - -[0m
[0mGET /cards/?_start=3&_end=6 [36m304 [0m3.065 ms - -[0m
[0mGET /cards/?_start=0&_end=3 [36m304 [0m3.287 ms - -[0m
[0mGET /cards/?_start=3&_end=6 [36m304 [0m4.723 ms - -[0m
[0mGET /cards/?_start=0&_end=3 [36m304 [0m3.446 ms - -[0m
[0mGET /cards/?_start=3&_end=6 [36m304 [0m5.240 ms - -[0m
[0mGET /cards/?_start=0&_end=3 [36m304 [0m3.803 ms - -[0m
[0mGET /cards/?_start=3&_end=6 [36m304 [0m4.797 ms - -[0m
[0mGET /cards/?_start=0&_end=3 [36m304 [0m2.637 ms - -[0m
[0mGET /cards/?_start=3&_end=6 [36m304 [0m4.098 ms - -[0m
[0mGET /cards/?_start=3&_end=6 [36m304 [0m22.583 ms - -[0m
[0mGET /cards/?_start=6&_end=9 [36m304 [0m19.526 ms - -[0m
[0mGET /cards/?_start=0&_end=3 [36m304 [0m5.705 ms - -[0m
[0mGET /cards/?_start=3&_end=6 [36m304 [0m6.132 ms - -[0m
[0mGET /cards/?_start=3&_end=6 [36m304 [0m3.683 ms - -[0m
[0mGET /cards/?_start=6&_end=9 [36m304 [0m4.474 ms - -[0m
[0mGET /cards/?_start=6&_end=9 [36m304 [0m2.849 ms - -[0m
[0mGET /cards/?_start=9&_end=12 [32m200 [0m4.602 ms - 2[0m
[0mGET /cards/?_start=3&_end=6 [36m304 [0m2.907 ms - -[0m
[0mGET /cards/?_start=6&_end=9 [36m304 [0m3.936 ms - -[0m
[0mGET /cards/?_start=0&_end=3 [36m304 [0m6.317 ms - -[0m
[0mGET /cards/?_start=3&_end=6 [36m304 [0m7.106 ms - -[0m
[0mGET /cards/?_start=3&_end=6 [36m304 [0m2.383 ms - -[0m
[0mGET /cards/?_start=6&_end=9 [36m304 [0m4.499 ms - -[0m
[0mGET /cards/?_start=6&_end=9 [36m304 [0m2.835 ms - -[0m
[0mGET /cards/?_start=9&_end=12 [32m200 [0m3.142 ms - 2[0m
[0mGET /cards/?_start=3&_end=6 [36m304 [0m2.894 ms - -[0m
[0mGET /cards/?_start=6&_end=9 [36m304 [0m4.077 ms - -[0m
[0mGET /cards/?_start=0&_end=3 [36m304 [0m4.317 ms - -[0m
[0mGET /cards/?_start=3&_end=6 [36m304 [0m5.201 ms - -[0m
[0mGET /cards/?_start=3&_end=6 [36m304 [0m2.804 ms - -[0m
[0mGET /cards/?_start=6&_end=9 [36m304 [0m2.667 ms - -[0m
[0mGET /cards/?_start=6&_end=9 [36m304 [0m3.324 ms - -[0m
[0mGET /cards/?_start=9&_end=12 [36m304 [0m4.155 ms - -[0m
[0mGET /cards/?_start=0&_end=3 [32m200 [0m2.342 ms - -[0m
[0mGET /cards/?_start=3&_end=6 [32m200 [0m3.389 ms - 1023[0m
[0mGET /cards/?_start=3&_end=6 [36m304 [0m2.402 ms - -[0m
[0mGET /cards/?_start=6&_end=9 [36m304 [0m3.996 ms - -[0m
[0mGET /cards/?_start=0&_end=3 [32m200 [0m2.549 ms - -[0m
[0mGET /cards/?_start=3&_end=6 [36m304 [0m3.255 ms - -[0m
[0mGET /cards/?_start=3&_end=6 [36m304 [0m5.314 ms - -[0m
[0mGET /cards/?_start=0&_end=3 [32m200 [0m4.074 ms - -[0m
[0mGET /cards/?_start=3&_end=6 [36m304 [0m3.209 ms - -[0m
[0mGET /cards/?_start=6&_end=9 [36m304 [0m5.258 ms - -[0m
[0mGET /cards/?_start=0&_end=3 [36m304 [0m3.462 ms - -[0m
[0mGET /cards/?_start=3&_end=6 [36m304 [0m5.489 ms - -[0m
